Base path: C:/Program Files/Unity/Editor/Data
Cmd: initializeCompiler
Cmd: compileSnippet
  api=4 type=0 insize=15882 outsize=1590 kw=DIRECTIONAL pd=UNITY_ENABLE_REFLECTION_BUFFERS UNITY_USE_DITHER_MASK_FOR_ALPHABLENDED_SHADOWS UNITY_PBS_USE_BRDF1 UNITY_SPECCUBE_BOX_PROJECTION UNITY_SPECCUBE_BLENDING UNITY_ENABLE_DETAIL_NORMALMAP UNITY_HARDWARE_TIER3 UNITY_COLORSPACE_GAMMA ok=1
Cmd: disassembleShader
  api=4 insize=1590 outsize=2998 ok=1
Cmd: compileSnippet
  api=4 type=0 insize=15882 outsize=2462 kw=DIRECTIONAL SHADOWS_SCREEN VERTEXLIGHT_ON pd=UNITY_ENABLE_REFLECTION_BUFFERS UNITY_NO_SCREENSPACE_SHADOWS UNITY_PBS_USE_BRDF3 UNITY_HARDWARE_TIER1 UNITY_COLORSPACE_GAMMA ok=1
Cmd: disassembleShader
  api=4 insize=2462 outsize=4208 ok=1
Cmd: compileSnippet
  api=4 type=1 insize=15882 outsize=6902 kw=DIRECTIONAL SHADOWS_SCREEN pd=UNITY_ENABLE_REFLECTION_BUFFERS UNITY_USE_DITHER_MASK_FOR_ALPHABLENDED_SHADOWS UNITY_PBS_USE_BRDF1 UNITY_SPECCUBE_BOX_PROJECTION UNITY_SPECCUBE_BLENDING UNITY_ENABLE_DETAIL_NORMALMAP UNITY_HARDWARE_TIER2 UNITY_COLORSPACE_GAMMA ok=1
Cmd: disassembleShader
  api=4 insize=6902 outsize=9721 ok=1
Cmd: compileSnippet
  api=4 type=0 insize=5002 outsize=1218 kw=DIRECTIONAL pd=UNITY_ENABLE_REFLECTION_BUFFERS UNITY_USE_DITHER_MASK_FOR_ALPHABLENDED_SHADOWS UNITY_PBS_USE_BRDF1 UNITY_SPECCUBE_BOX_PROJECTION UNITY_SPECCUBE_BLENDING UNITY_ENABLE_DETAIL_NORMALMAP UNITY_HARDWARE_TIER2 UNITY_COLORSPACE_GAMMA ok=1
Cmd: disassembleShader
  api=4 insize=1218 outsize=2442 ok=1
Cmd: compileSnippet
  api=4 type=0 insize=5002 outsize=1218 kw=DIRECTIONAL_COOKIE pd=UNITY_ENABLE_REFLECTION_BUFFERS UNITY_USE_DITHER_MASK_FOR_ALPHABLENDED_SHADOWS UNITY_PBS_USE_BRDF1 UNITY_SPECCUBE_BOX_PROJECTION UNITY_SPECCUBE_BLENDING UNITY_ENABLE_DETAIL_NORMALMAP UNITY_HARDWARE_TIER3 UNITY_COLORSPACE_GAMMA ok=1
Cmd: disassembleShader
  api=4 insize=1218 outsize=2445 ok=1
Cmd: compileSnippet
  api=4 type=0 insize=5002 outsize=1342 kw=DIRECTIONAL SHADOWS_SCREEN pd=UNITY_ENABLE_REFLECTION_BUFFERS UNITY_USE_DITHER_MASK_FOR_ALPHABLENDED_SHADOWS UNITY_PBS_USE_BRDF1 UNITY_SPECCUBE_BOX_PROJECTION UNITY_SPECCUBE_BLENDING UNITY_ENABLE_DETAIL_NORMALMAP UNITY_HARDWARE_TIER2 UNITY_COLORSPACE_GAMMA ok=1
Cmd: disassembleShader
  api=4 insize=1342 outsize=2652 ok=1
Cmd: compileSnippet
  api=4 type=1 insize=5002 outsize=3582 kw=POINT pd=UNITY_ENABLE_REFLECTION_BUFFERS UNITY_USE_DITHER_MASK_FOR_ALPHABLENDED_SHADOWS UNITY_PBS_USE_BRDF1 UNITY_SPECCUBE_BOX_PROJECTION UNITY_SPECCUBE_BLENDING UNITY_ENABLE_DETAIL_NORMALMAP UNITY_HARDWARE_TIER3 UNITY_COLORSPACE_GAMMA ok=1
Cmd: disassembleShader
  api=4 insize=3582 outsize=5155 ok=1
Cmd: compileSnippet
  api=4 type=1 insize=5002 outsize=3454 kw=DIRECTIONAL_COOKIE pd=UNITY_ENABLE_REFLECTION_BUFFERS UNITY_USE_DITHER_MASK_FOR_ALPHABLENDED_SHADOWS UNITY_PBS_USE_BRDF1 UNITY_SPECCUBE_BOX_PROJECTION UNITY_SPECCUBE_BLENDING UNITY_ENABLE_DETAIL_NORMALMAP UNITY_HARDWARE_TIER3 UNITY_COLORSPACE_GAMMA ok=1
Cmd: disassembleShader
  api=4 insize=3454 outsize=5001 ok=1
Cmd: compileSnippet
  api=4 type=1 insize=5002 outsize=4938 kw=SPOT SHADOWS_DEPTH SHADOWS_SOFT pd=UNITY_ENABLE_REFLECTION_BUFFERS UNITY_USE_DITHER_MASK_FOR_ALPHABLENDED_SHADOWS UNITY_PBS_USE_BRDF1 UNITY_SPECCUBE_BOX_PROJECTION UNITY_SPECCUBE_BLENDING UNITY_ENABLE_DETAIL_NORMALMAP UNITY_HARDWARE_TIER3 UNITY_COLORSPACE_GAMMA ok=1
Cmd: disassembleShader
  api=4 insize=4938 outsize=7006 ok=1
Cmd: compileSnippet
  api=4 type=0 insize=14456 outsize=1522 kw=UNITY_HDR_ON pd=UNITY_ENABLE_REFLECTION_BUFFERS UNITY_USE_DITHER_MASK_FOR_ALPHABLENDED_SHADOWS UNITY_PBS_USE_BRDF1 UNITY_SPECCUBE_BOX_PROJECTION UNITY_SPECCUBE_BLENDING UNITY_ENABLE_DETAIL_NORMALMAP UNITY_HARDWARE_TIER3 UNITY_COLORSPACE_GAMMA ok=1
Cmd: disassembleShader
  api=4 insize=1522 outsize=2877 ok=1
Cmd: disassembleShader
  api=4 insize=1590 outsize=2998 ok=1
Cmd: disassembleShader
  api=4 insize=6374 outsize=9005 ok=1
Cmd: disassembleShader
  api=4 insize=1218 outsize=2445 ok=1
Cmd: disassembleShader
  api=4 insize=1218 outsize=2445 ok=1
Cmd: disassembleShader
  api=4 insize=1218 outsize=2442 ok=1
Cmd: disassembleShader
  api=4 insize=1218 outsize=2445 ok=1
Cmd: disassembleShader
  api=4 insize=1218 outsize=2445 ok=1
Cmd: disassembleShader
  api=4 insize=1218 outsize=2445 ok=1
Cmd: disassembleShader
  api=4 insize=3218 outsize=4667 ok=1
Cmd: disassembleShader
  api=4 insize=3454 outsize=5001 ok=1
Cmd: disassembleShader
  api=4 insize=2630 outsize=4217 ok=1
Cmd: disassembleShader
  api=4 insize=4290 outsize=6053 ok=1
Cmd: disassembleShader
  api=4 insize=3554 outsize=5633 ok=1
Cmd: disassembleShader
  api=4 insize=1522 outsize=2877 ok=1
Cmd: disassembleShader
  api=4 insize=2234 outsize=4041 ok=1
Cmd: compileSnippet
  error: 2 plat 8 at (42): undeclared identifier '_MainTex_ST'\nCompiling Vertex program
Platform defines: UNITY_ENABLE_REFLECTION_BUFFERS UNITY_NO_SCREENSPACE_SHADOWS UNITY_PBS_USE_BRDF3 SHADER_API_MOBILE UNITY_HARDWARE_TIER1 UNITY_COLORSPACE_GAMMA
  api=8 type=0 insize=1330 outsize=0 kw= pd=UNITY_ENABLE_REFLECTION_BUFFERS UNITY_NO_SCREENSPACE_SHADOWS UNITY_PBS_USE_BRDF3 SHADER_API_MOBILE UNITY_HARDWARE_TIER1 UNITY_COLORSPACE_GAMMA ok=0
Cmd: compileSnippet
  error: 2 plat 8 at (42): undeclared identifier '_MainTex_ST'\nCompiling Fragment program
Platform defines: UNITY_ENABLE_REFLECTION_BUFFERS UNITY_NO_SCREENSPACE_SHADOWS UNITY_PBS_USE_BRDF3 SHADER_API_MOBILE UNITY_HARDWARE_TIER1 UNITY_COLORSPACE_GAMMA
  api=8 type=1 insize=1330 outsize=0 kw= pd=UNITY_ENABLE_REFLECTION_BUFFERS UNITY_NO_SCREENSPACE_SHADOWS UNITY_PBS_USE_BRDF3 SHADER_API_MOBILE UNITY_HARDWARE_TIER1 UNITY_COLORSPACE_GAMMA ok=0
